SF:lib/src/ui/widgets/components/bordered_container.dart
DA:5,0
DA:13,0
DA:22,0
DA:24,0
DA:25,0
DA:26,0
DA:27,0
DA:28,0
DA:29,0
DA:30,0
DA:36,0
LF:11
LH:0
end_of_record
SF:lib/src/ui/widgets/components/on_hover.dart
DA:4,2
DA:8,2
DA:13,2
DA:14,2
DA:21,4
DA:22,6
DA:23,6
DA:24,4
DA:28,2
DA:30,2
DA:31,4
DA:33,4
DA:36,2
DA:38,4
DA:39,2
DA:42,1
DA:45,2
DA:46,0
DA:49,2
DA:51,2
DA:52,2
DA:53,2
DA:54,2
DA:55,2
DA:56,0
DA:58,2
DA:60,2
DA:61,6
DA:62,4
DA:63,2
DA:64,0
DA:65,0
DA:66,0
DA:68,0
DA:69,0
DA:70,0
DA:72,0
DA:73,0
DA:74,0
DA:76,4
LF:40
LH:29
end_of_record
SF:lib/src/app.dart
DA:10,2
DA:17,2
DA:19,2
DA:20,2
DA:27,2
DA:29,2
DA:32,2
DA:33,2
DA:34,2
DA:36,2
DA:37,2
DA:40,4
LF:12
LH:12
end_of_record
SF:lib/src/repositories/courses_repository.dart
DA:7,0
DA:8,0
DA:12,0
DA:13,0
DA:16,0
DA:17,0
DA:20,0
DA:21,0
DA:24,0
DA:25,0
LF:10
LH:0
end_of_record
SF:lib/src/apis/firestore_api.dart
DA:6,0
DA:9,0
DA:10,0
DA:15,0
DA:16,0
DA:17,0
DA:20,0
DA:21,0
DA:22,0
DA:25,0
DA:26,0
DA:27,0
DA:30,0
DA:31,0
DA:32,0
DA:33,0
DA:34,0
DA:35,0
DA:36,0
DA:38,0
DA:39,0
LF:21
LH:0
end_of_record
SF:lib/src/apis/http_api.dart
DA:5,0
DA:9,0
DA:11,0
DA:12,0
DA:14,0
LF:5
LH:0
end_of_record
SF:lib/src/core/routing/routing.dart
DA:11,4
DA:16,2
DA:17,2
DA:18,2
DA:19,1
DA:20,0
DA:21,0
DA:22,0
DA:24,0
DA:25,0
DA:26,0
LF:11
LH:5
end_of_record
SF:lib/src/ui/colors.dart
DA:16,0
DA:17,0
DA:18,0
LF:3
LH:0
end_of_record
SF:lib/src/ui/text_styles.dart
DA:7,3
DA:13,0
DA:19,3
DA:27,0
DA:36,0
DA:42,0
DA:48,6
DA:56,3
DA:64,0
DA:72,0
DA:80,3
DA:87,0
DA:93,0
DA:99,0
DA:106,0
DA:113,0
LF:16
LH:5
end_of_record
SF:lib/src/features/archive/presentation/view.dart
DA:13,2
DA:15,1
DA:17,1
DA:18,2
DA:19,1
DA:20,1
DA:27,2
DA:29,1
DA:32,1
DA:35,2
DA:37,1
DA:38,1
DA:39,1
DA:40,1
DA:42,1
DA:44,1
DA:45,1
DA:46,1
DA:48,1
DA:50,1
DA:52,1
DA:54,1
DA:55,0
DA:57,1
DA:59,1
DA:62,1
DA:63,1
DA:64,1
DA:66,1
DA:67,1
DA:68,2
DA:70,1
DA:71,0
DA:74,2
DA:75,0
DA:77,0
DA:78,0
DA:79,0
DA:80,0
DA:82,0
DA:83,0
LF:41
LH:32
end_of_record
SF:lib/src/features/archive/presentation/bloc/archive_cubit.dart
DA:10,2
DA:14,1
DA:15,4
DA:17,2
DA:19,1
DA:20,3
DA:25,0
DA:26,0
LF:8
LH:6
end_of_record
SF:lib/src/models/learning_path.dart
DA:16,0
DA:17,0
DA:19,0
DA:21,0
DA:22,0
DA:23,0
DA:25,0
DA:26,0
DA:27,0
LF:9
LH:0
end_of_record
SF:lib/src/models/learning_path.g.dart
DA:9,0
DA:10,0
DA:11,0
DA:12,0
DA:13,0
DA:14,0
DA:15,0
DA:18,0
DA:19,0
DA:20,0
DA:21,0
DA:22,0
LF:12
LH:0
end_of_record
SF:lib/src/ui/widgets/hypertext.dart
DA:5,2
DA:12,2
DA:20,2
DA:21,2
DA:29,0
DA:31,2
DA:33,6
DA:34,6
DA:35,0
DA:39,2
DA:42,2
DA:44,2
DA:45,2
DA:46,2
DA:47,2
DA:48,2
DA:49,4
DA:50,2
DA:51,4
DA:52,2
DA:59,4
DA:60,2
DA:61,4
DA:62,6
DA:63,2
DA:64,4
DA:65,0
DA:66,0
DA:67,0
DA:68,0
DA:69,0
LF:31
LH:24
end_of_record
SF:lib/src/utils/extensions.dart
DA:16,0
DA:17,0
DA:19,1
DA:20,3
DA:21,2
DA:22,2
DA:23,2
DA:31,2
DA:35,0
LF:9
LH:6
end_of_record
SF:lib/src/features/article/presentation/article_body.dart
DA:11,0
DA:12,0
DA:16,0
DA:19,0
DA:21,0
DA:22,0
DA:24,0
DA:26,0
DA:27,0
DA:28,0
DA:30,0
DA:31,0
DA:33,0
DA:34,0
DA:35,0
DA:43,0
DA:44,0
DA:45,0
DA:49,0
DA:50,0
DA:55,0
DA:58,0
DA:59,0
DA:60,0
DA:70,0
DA:71,0
DA:72,0
DA:73,0
DA:74,0
DA:75,0
DA:76,0
DA:77,0
DA:78,0
DA:79,0
DA:80,0
LF:35
LH:0
end_of_record
SF:lib/src/features/article/presentation/article_header.dart
DA:8,0
DA:15,0
DA:17,0
DA:18,0
DA:20,0
DA:21,0
DA:25,0
DA:26,0
DA:27,0
DA:30,0
DA:33,0
DA:34,0
DA:35,0
DA:36,0
DA:37,0
DA:39,0
DA:40,0
DA:41,0
DA:42,0
DA:43,0
DA:44,0
DA:46,0
DA:47,0
DA:48,0
DA:49,0
DA:53,0
DA:54,0
DA:55,0
DA:56,0
DA:66,0
DA:70,0
DA:71,0
DA:74,0
DA:77,0
DA:78,0
DA:79,0
DA:81,0
DA:83,0
DA:84,0
DA:85,0
DA:86,0
DA:87,0
DA:88,0
DA:90,0
DA:91,0
DA:92,0
DA:93,0
DA:97,0
DA:98,0
DA:99,0
DA:100,0
LF:51
LH:0
end_of_record
SF:lib/src/features/article/presentation/view.dart
DA:11,0
DA:18,0
DA:20,0
DA:21,0
DA:22,0
DA:23,0
DA:30,2
DA:32,0
DA:34,0
DA:35,0
DA:43,0
DA:45,0
DA:46,0
DA:48,0
DA:49,0
DA:50,0
DA:51,0
DA:53,0
DA:54,0
DA:59,0
DA:61,0
DA:62,0
DA:63,0
DA:66,0
DA:67,0
DA:69,0
DA:71,0
DA:72,0
DA:73,0
DA:74,0
DA:75,0
DA:77,0
DA:78,0
DA:79,0
DA:86,0
DA:87,0
DA:88,0
DA:89,0
DA:91,0
DA:97,0
DA:98,0
DA:105,0
DA:106,0
DA:107,0
DA:108,0
DA:109,0
DA:113,0
DA:118,0
LF:48
LH:1
end_of_record
SF:lib/src/features/article/presentation/bloc/article_cubit.dart
DA:9,0
DA:12,0
DA:16,0
DA:17,0
DA:19,0
DA:20,0
DA:21,0
DA:26,0
DA:27,0
LF:9
LH:0
end_of_record
SF:lib/src/features/course/presentation/bloc/course_cubit.dart
DA:9,0
DA:12,0
DA:16,0
DA:17,0
DA:19,0
DA:20,0
DA:21,0
DA:26,0
DA:27,0
LF:9
LH:0
end_of_record
SF:lib/src/features/course/presentation/view.dart
DA:9,0
DA:13,0
DA:15,0
DA:16,0
DA:17,0
DA:18,0
DA:25,2
DA:27,0
DA:29,0
DA:30,0
DA:31,0
DA:32,0
DA:34,0
DA:36,0
DA:37,0
DA:38,0
DA:39,0
DA:41,0
DA:43,0
DA:44,0
DA:45,0
DA:48,0
DA:50,0
DA:51,0
DA:52,0
DA:56,0
DA:57,0
LF:27
LH:1
end_of_record
SF:lib/src/features/home/presentation/view.dart
DA:8,2
DA:10,2
DA:12,2
DA:13,2
DA:14,2
DA:16,2
DA:22,2
DA:23,2
DA:25,4
DA:30,4
LF:10
LH:10
end_of_record
SF:lib/src/features/section/presentation/bloc/section_cubit.dart
DA:9,0
DA:12,0
DA:16,0
DA:17,0
DA:19,0
DA:21,0
DA:22,0
DA:27,0
DA:28,0
LF:9
LH:0
end_of_record
SF:lib/src/features/section/presentation/view.dart
DA:10,0
DA:17,0
DA:19,0
DA:20,0
DA:21,0
DA:22,0
DA:29,2
DA:31,0
DA:33,0
DA:34,0
DA:35,0
DA:36,0
DA:38,0
DA:40,0
DA:41,0
DA:42,0
DA:44,0
DA:46,0
DA:49,0
DA:50,0
DA:51,0
DA:55,0
DA:56,0
DA:57,0
DA:58,0
DA:60,0
DA:61,0
DA:62,0
DA:67,0
DA:68,0
DA:70,0
DA:72,0
DA:73,0
DA:74,0
LF:34
LH:1
end_of_record
SF:lib/src/models/section.dart
DA:17,0
DA:18,0
DA:20,0
DA:22,0
DA:23,0
DA:24,0
DA:26,0
DA:27,0
DA:28,0
DA:29,0
LF:10
LH:0
end_of_record
SF:lib/src/models/section.g.dart
DA:9,0
DA:10,0
DA:11,0
DA:12,0
DA:13,0
DA:14,0
DA:15,0
DA:18,0
DA:19,0
DA:20,0
DA:21,0
DA:22,0
DA:23,0
LF:13
LH:0
end_of_record
SF:lib/src/models/article.dart
DA:19,0
DA:20,0
LF:2
LH:0
end_of_record
SF:lib/src/models/article.g.dart
DA:9,0
DA:10,0
DA:11,0
DA:12,0
DA:13,0
DA:14,0
DA:15,0
DA:16,0
DA:19,0
DA:20,0
DA:21,0
DA:22,0
DA:23,0
DA:24,0
DA:25,0
DA:26,0
DA:27,0
LF:17
LH:0
end_of_record
SF:lib/src/models/article_reference.dart
DA:13,0
DA:14,0
LF:2
LH:0
end_of_record
SF:lib/src/models/article_reference.g.dart
DA:9,0
DA:10,0
DA:11,0
DA:12,0
DA:15,0
DA:16,0
DA:17,0
DA:18,0
LF:8
LH:0
end_of_record
SF:lib/src/models/author.dart
DA:13,0
LF:1
LH:0
end_of_record
SF:lib/src/models/author.g.dart
DA:9,0
DA:10,0
DA:11,0
DA:14,0
DA:15,0
DA:16,0
LF:6
LH:0
end_of_record
SF:lib/src/models/course.dart
DA:17,0
DA:19,0
DA:21,0
DA:22,0
DA:23,0
DA:25,0
DA:26,0
DA:27,0
DA:28,0
LF:9
LH:0
end_of_record
SF:lib/src/models/course.g.dart
DA:9,0
DA:10,0
DA:11,0
DA:12,0
DA:13,0
DA:14,0
DA:15,0
DA:18,0
DA:19,0
DA:20,0
DA:21,0
DA:22,0
LF:12
LH:0
end_of_record
SF:lib/src/models/course_reference.dart
DA:13,0
DA:14,0
LF:2
LH:0
end_of_record
SF:lib/src/models/course_reference.g.dart
DA:9,0
DA:10,0
DA:11,0
DA:12,0
DA:15,0
DA:16,0
DA:17,0
DA:18,0
LF:8
LH:0
end_of_record
SF:lib/src/models/section_reference.dart
DA:13,0
DA:14,0
LF:2
LH:0
end_of_record
SF:lib/src/models/section_reference.g.dart
DA:9,0
DA:10,0
DA:11,0
DA:12,0
DA:15,0
DA:16,0
DA:17,0
DA:18,0
LF:8
LH:0
end_of_record
SF:lib/src/ui/theme.dart
DA:5,2
DA:6,2
DA:16,2
DA:20,2
DA:21,2
LF:5
LH:5
end_of_record
SF:lib/src/ui/widgets/app_bar.dart
DA:7,3
DA:16,1
DA:26,1
DA:28,1
DA:29,1
DA:30,1
DA:31,1
DA:32,1
DA:33,1
DA:34,0
DA:42,1
DA:43,1
DA:45,1
DA:47,1
DA:48,1
DA:49,1
DA:50,3
DA:56,1
DA:57,1
DA:58,1
DA:63,1
LF:21
LH:20
end_of_record
SF:lib/src/ui/widgets/failure.dart
DA:4,8
DA:11,0
DA:13,0
DA:14,0
DA:15,0
LF:5
LH:1
end_of_record
SF:lib/src/ui/widgets/loader.dart
DA:4,8
DA:8,1
LF:2
LH:2
end_of_record
SF:lib/src/ui/widgets/profile_photo.dart
DA:6,0
DA:9,0
DA:11,0
DA:13,0
DA:16,0
DA:19,0
LF:6
LH:0
end_of_record
SF:lib/src/ui/widgets/responsive_scaffold.dart
DA:10,1
DA:11,1
DA:14,1
DA:16,1
DA:18,2
DA:19,1
DA:21,1
DA:22,1
DA:23,1
DA:24,1
DA:26,1
DA:28,1
DA:29,1
DA:30,1
DA:31,1
DA:37,1
LF:16
LH:16
end_of_record
SF:lib/src/ui/widgets/save_button.dart
DA:5,0
DA:7,0
DA:9,0
DA:11,0
DA:12,0
DA:13,0
DA:19,0
DA:20,0
DA:22,0
DA:23,0
DA:29,0
DA:31,0
LF:12
LH:0
end_of_record
SF:lib/src/ui/widgets/social_icon.dart
DA:7,0
DA:16,0
DA:26,0
DA:28,0
DA:30,0
DA:31,0
DA:32,0
DA:33,0
DA:34,0
DA:35,0
DA:36,0
DA:37,0
LF:12
LH:0
end_of_record
SF:lib/src/ui/widgets/socials.dart
DA:8,2
DA:10,0
DA:12,0
DA:13,0
DA:14,0
DA:17,0
DA:18,0
DA:19,0
DA:21,0
DA:25,0
DA:26,0
DA:28,0
DA:32,0
DA:33,0
DA:35,0
DA:39,0
DA:40,0
DA:42,0
LF:18
LH:1
end_of_record
