SF:lib/src/ui/widgets/components/bordered_container.dart
DA:5,0
DA:13,0
DA:22,0
DA:24,0
DA:25,0
DA:26,0
DA:27,0
DA:28,0
DA:29,0
DA:30,0
DA:36,0
LF:11
LH:0
end_of_record
SF:lib/src/ui/widgets/components/on_hover.dart
DA:4,4
DA:8,4
DA:13,4
DA:14,4
DA:21,8
DA:22,12
DA:23,12
DA:24,8
DA:28,4
DA:30,4
DA:31,8
DA:33,8
DA:36,4
DA:38,8
DA:39,4
DA:42,1
DA:45,2
DA:46,0
DA:49,4
DA:51,4
DA:52,4
DA:53,4
DA:54,4
DA:55,2
DA:56,0
DA:58,4
DA:60,4
DA:61,12
DA:62,8
DA:63,4
DA:64,0
DA:65,0
DA:66,0
DA:68,0
DA:69,0
DA:70,0
DA:72,0
DA:73,0
DA:74,0
DA:76,8
LF:40
LH:29
end_of_record
SF:lib/src/app.dart
DA:10,2
DA:18,2
DA:20,2
DA:21,2
DA:28,4
DA:30,2
DA:33,2
DA:34,2
DA:35,2
DA:37,2
DA:38,2
DA:41,4
LF:12
LH:12
end_of_record
SF:lib/src/repositories/courses_repository.dart
DA:7,0
DA:8,0
DA:12,0
DA:13,0
DA:16,0
DA:17,0
DA:20,0
DA:21,0
DA:24,0
DA:25,0
DA:28,0
DA:29,0
LF:12
LH:0
end_of_record
SF:lib/src/apis/firestore_api.dart
DA:6,0
DA:9,0
DA:10,0
DA:16,0
DA:17,0
DA:18,0
DA:22,0
DA:23,0
DA:32,0
DA:41,0
DA:50,0
DA:61,0
DA:65,0
DA:66,0
DA:75,0
DA:84,0
DA:93,0
DA:102,0
DA:111,0
DA:120,0
DA:129,0
DA:138,0
DA:147,0
DA:156,0
DA:165,0
DA:174,0
DA:183,0
DA:193,0
DA:202,0
DA:211,0
DA:220,0
DA:231,0
DA:235,0
DA:236,0
DA:245,0
DA:254,0
DA:263,0
DA:272,0
DA:281,0
DA:292,0
DA:296,0
DA:297,0
DA:306,0
DA:315,0
DA:324,0
DA:333,0
DA:342,0
DA:351,0
DA:362,0
DA:366,0
DA:367,0
DA:376,0
DA:385,0
DA:395,0
DA:404,0
DA:413,0
DA:422,0
DA:431,0
DA:440,0
DA:451,0
DA:455,0
DA:456,0
DA:465,0
DA:474,0
DA:483,0
DA:492,0
DA:501,0
DA:510,0
DA:519,0
DA:528,0
DA:537,0
DA:546,0
DA:555,0
DA:566,0
DA:570,0
DA:571,0
DA:580,0
DA:590,0
DA:599,0
DA:608,0
DA:619,0
DA:623,0
DA:624,0
DA:633,0
DA:642,0
DA:656,0
DA:658,0
DA:659,0
DA:660,0
DA:662,0
DA:665,0
DA:667,0
DA:671,0
DA:673,0
DA:674,0
DA:677,0
DA:679,0
DA:680,0
DA:681,0
DA:682,0
DA:685,0
DA:692,0
DA:696,0
DA:697,0
DA:698,0
DA:701,0
DA:702,0
DA:703,0
DA:706,0
DA:707,0
DA:708,0
DA:711,0
DA:712,0
DA:713,0
DA:714,0
DA:715,0
DA:716,0
DA:717,0
DA:719,0
DA:720,0
LF:120
LH:0
end_of_record
SF:lib/src/apis/http_api.dart
DA:5,0
DA:9,0
DA:11,0
DA:12,0
DA:14,0
LF:5
LH:0
end_of_record
SF:lib/src/core/routing/routing.dart
DA:11,6
DA:15,3
DA:16,3
DA:17,3
DA:18,2
DA:19,0
DA:20,0
DA:21,0
DA:23,0
DA:24,0
DA:25,0
LF:11
LH:5
end_of_record
SF:lib/src/ui/colors.dart
DA:16,0
DA:17,0
DA:18,0
LF:3
LH:0
end_of_record
SF:lib/src/ui/text_styles.dart
DA:7,9
DA:13,0
DA:19,9
DA:27,3
DA:36,3
DA:42,0
DA:48,9
DA:56,9
DA:64,3
DA:72,0
DA:80,9
DA:87,0
DA:93,0
DA:99,0
DA:106,0
DA:113,0
LF:16
LH:8
end_of_record
SF:lib/src/features/archive/presentation/view.dart
DA:11,4
DA:13,2
DA:15,2
DA:16,4
DA:17,2
DA:18,2
DA:25,5
DA:27,2
DA:30,2
DA:33,4
DA:35,2
DA:36,2
DA:37,2
DA:38,2
DA:40,2
DA:42,2
DA:43,2
DA:45,2
LF:18
LH:18
end_of_record
SF:lib/src/features/archive/presentation/bloc/archive_cubit.dart
DA:10,4
DA:14,2
DA:15,8
DA:22,4
DA:24,2
DA:25,6
DA:30,0
DA:31,0
LF:8
LH:6
end_of_record
SF:lib/src/models/learning_path.dart
DA:16,0
DA:17,0
DA:19,0
DA:21,0
DA:22,0
DA:23,0
DA:25,0
DA:26,0
DA:27,0
LF:9
LH:0
end_of_record
SF:lib/src/models/learning_path.g.dart
DA:9,0
DA:10,0
DA:11,0
DA:12,0
DA:13,0
DA:14,0
DA:15,0
DA:18,0
DA:19,0
DA:20,0
DA:21,0
DA:22,0
LF:12
LH:0
end_of_record
SF:lib/src/utils/extensions.dart
DA:16,0
DA:17,0
DA:19,3
DA:20,9
DA:21,6
DA:22,6
DA:23,6
DA:31,2
DA:35,0
LF:9
LH:6
end_of_record
SF:lib/src/features/archive/presentation/widgets/archive_populated.dart
DA:9,3
DA:18,3
DA:20,3
DA:21,3
DA:22,3
DA:23,3
DA:25,3
DA:27,3
DA:28,3
DA:29,3
DA:30,1
DA:32,3
DA:34,3
DA:37,3
DA:38,3
DA:39,3
DA:41,3
DA:42,3
DA:43,6
DA:44,3
DA:45,3
DA:46,1
DA:49,6
DA:50,1
DA:52,1
DA:53,1
DA:54,0
DA:55,1
DA:56,1
DA:57,1
LF:30
LH:29
end_of_record
SF:lib/src/ui/widgets/hypertext.dart
DA:5,4
DA:12,4
DA:20,4
DA:21,4
DA:29,0
DA:31,4
DA:33,12
DA:34,12
DA:35,1
DA:39,4
DA:42,4
DA:44,4
DA:45,4
DA:46,4
DA:47,4
DA:48,4
DA:49,8
DA:50,4
DA:51,8
DA:52,4
DA:59,8
DA:60,4
DA:61,8
DA:62,12
DA:63,4
DA:64,8
DA:65,0
DA:66,0
DA:67,0
DA:68,0
DA:69,0
LF:31
LH:25
end_of_record
SF:lib/src/features/article/presentation/article_body.dart
DA:11,0
DA:12,0
DA:16,0
DA:19,0
DA:21,0
DA:22,0
DA:24,0
DA:26,0
DA:27,0
DA:28,0
DA:29,0
DA:30,0
DA:32,0
DA:33,0
DA:35,0
DA:36,0
DA:37,0
DA:45,0
DA:46,0
DA:47,0
DA:51,0
DA:52,0
DA:57,0
DA:60,0
DA:61,0
DA:62,0
DA:72,0
DA:73,0
DA:74,0
DA:75,0
DA:76,0
DA:77,0
DA:78,0
LF:33
LH:0
end_of_record
SF:lib/src/features/article/presentation/article_header.dart
DA:8,0
DA:15,0
DA:17,0
DA:18,0
DA:20,0
DA:21,0
DA:25,0
DA:26,0
DA:27,0
DA:30,0
DA:33,0
DA:34,0
DA:35,0
DA:36,0
DA:37,0
DA:39,0
DA:40,0
DA:41,0
DA:42,0
DA:43,0
DA:44,0
DA:46,0
DA:47,0
DA:48,0
DA:49,0
DA:53,0
DA:54,0
DA:55,0
DA:56,0
DA:66,0
DA:70,0
DA:71,0
DA:74,0
DA:77,0
DA:78,0
DA:79,0
DA:81,0
DA:83,0
DA:84,0
DA:85,0
DA:86,0
DA:87,0
DA:88,0
DA:90,0
DA:91,0
DA:92,0
DA:93,0
DA:97,0
DA:98,0
DA:99,0
DA:100,0
LF:51
LH:0
end_of_record
SF:lib/src/features/article/presentation/view.dart
DA:11,0
DA:18,0
DA:20,0
DA:21,0
DA:22,0
DA:23,0
DA:30,4
DA:32,0
DA:34,0
DA:35,0
DA:43,0
DA:45,0
DA:46,0
DA:48,0
DA:49,0
DA:50,0
DA:51,0
DA:53,0
DA:54,0
DA:59,0
DA:61,0
DA:62,0
DA:63,0
DA:66,0
DA:67,0
DA:69,0
DA:71,0
DA:72,0
DA:73,0
DA:74,0
DA:75,0
DA:77,0
DA:78,0
DA:79,0
DA:86,0
DA:87,0
DA:88,0
DA:89,0
DA:91,0
DA:97,0
DA:98,0
DA:105,0
DA:106,0
DA:107,0
DA:108,0
DA:109,0
DA:113,0
DA:118,0
LF:48
LH:1
end_of_record
SF:lib/src/features/article/presentation/bloc/article_cubit.dart
DA:9,0
DA:12,0
DA:16,0
DA:17,0
DA:19,0
DA:20,0
DA:21,0
DA:26,0
DA:27,0
LF:9
LH:0
end_of_record
SF:lib/src/features/course/presentation/bloc/course_cubit.dart
DA:9,0
DA:12,0
DA:16,0
DA:17,0
DA:19,0
DA:20,0
DA:21,0
DA:26,0
DA:27,0
LF:9
LH:0
end_of_record
SF:lib/src/features/course/presentation/view.dart
DA:9,0
DA:13,0
DA:15,0
DA:16,0
DA:17,0
DA:18,0
DA:25,4
DA:27,0
DA:29,0
DA:30,0
DA:31,0
DA:32,0
DA:34,0
DA:36,0
DA:37,0
DA:38,0
DA:40,0
DA:41,0
DA:43,0
DA:45,0
DA:46,0
DA:47,0
DA:50,0
DA:52,0
DA:53,0
DA:54,0
DA:58,0
DA:59,0
LF:28
LH:1
end_of_record
SF:lib/src/features/home/presentation/view.dart
DA:8,4
DA:10,3
DA:12,3
DA:13,3
DA:14,3
DA:16,3
DA:22,3
DA:23,3
DA:25,6
DA:30,4
LF:10
LH:10
end_of_record
SF:lib/src/features/section/presentation/bloc/section_cubit.dart
DA:9,0
DA:12,0
DA:16,0
DA:17,0
DA:19,0
DA:21,0
DA:22,0
DA:27,0
DA:28,0
LF:9
LH:0
end_of_record
SF:lib/src/features/section/presentation/view.dart
DA:12,0
DA:19,0
DA:21,0
DA:22,0
DA:23,0
DA:24,0
DA:31,4
DA:33,0
DA:35,0
DA:36,0
DA:38,0
DA:39,0
DA:40,0
DA:41,0
DA:44,0
DA:46,0
DA:47,0
DA:48,0
DA:50,0
DA:52,0
DA:55,0
DA:56,0
DA:57,0
DA:61,0
DA:62,0
DA:63,0
DA:65,0
DA:67,0
DA:68,0
DA:69,0
DA:74,0
DA:75,0
DA:77,0
DA:79,0
DA:80,0
DA:81,0
DA:85,0
DA:87,0
DA:88,0
DA:89,0
DA:90,0
DA:92,0
LF:42
LH:1
end_of_record
SF:lib/src/models/section.dart
DA:17,0
DA:18,0
DA:20,0
DA:22,0
DA:23,0
DA:24,0
DA:26,0
DA:27,0
DA:28,0
DA:29,0
LF:10
LH:0
end_of_record
SF:lib/src/models/section.g.dart
DA:9,0
DA:10,0
DA:11,0
DA:12,0
DA:13,0
DA:14,0
DA:15,0
DA:18,0
DA:19,0
DA:20,0
DA:21,0
DA:22,0
DA:23,0
LF:13
LH:0
end_of_record
SF:lib/src/models/article.dart
DA:19,0
DA:20,0
LF:2
LH:0
end_of_record
SF:lib/src/models/article.g.dart
DA:9,0
DA:10,0
DA:11,0
DA:12,0
DA:13,0
DA:14,0
DA:15,0
DA:16,0
DA:19,0
DA:20,0
DA:21,0
DA:22,0
DA:23,0
DA:24,0
DA:25,0
DA:26,0
DA:27,0
LF:17
LH:0
end_of_record
SF:lib/src/models/article_reference.dart
DA:13,0
DA:14,0
LF:2
LH:0
end_of_record
SF:lib/src/models/article_reference.g.dart
DA:9,0
DA:10,0
DA:11,0
DA:12,0
DA:15,0
DA:16,0
DA:17,0
DA:18,0
LF:8
LH:0
end_of_record
SF:lib/src/models/author.dart
DA:13,0
LF:1
LH:0
end_of_record
SF:lib/src/models/author.g.dart
DA:9,0
DA:10,0
DA:11,0
DA:14,0
DA:15,0
DA:16,0
LF:6
LH:0
end_of_record
SF:lib/src/models/course.dart
DA:17,0
DA:19,0
DA:21,0
DA:22,0
DA:23,0
DA:25,0
DA:26,0
DA:27,0
DA:28,0
LF:9
LH:0
end_of_record
SF:lib/src/models/course.g.dart
DA:9,0
DA:10,0
DA:11,0
DA:12,0
DA:13,0
DA:14,0
DA:15,0
DA:18,0
DA:19,0
DA:20,0
DA:21,0
DA:22,0
LF:12
LH:0
end_of_record
SF:lib/src/models/course_reference.dart
DA:13,0
DA:14,0
LF:2
LH:0
end_of_record
SF:lib/src/models/course_reference.g.dart
DA:9,0
DA:10,0
DA:11,0
DA:12,0
DA:15,0
DA:16,0
DA:17,0
DA:18,0
LF:8
LH:0
end_of_record
SF:lib/src/models/section_reference.dart
DA:13,0
DA:14,0
LF:2
LH:0
end_of_record
SF:lib/src/models/section_reference.g.dart
DA:9,0
DA:10,0
DA:11,0
DA:12,0
DA:15,0
DA:16,0
DA:17,0
DA:18,0
LF:8
LH:0
end_of_record
SF:lib/src/ui/theme.dart
DA:5,2
DA:6,2
DA:16,2
DA:20,2
DA:21,2
LF:5
LH:5
end_of_record
SF:lib/src/ui/widgets/app_bar.dart
DA:7,7
DA:16,3
DA:26,3
DA:28,3
DA:29,3
DA:30,3
DA:31,3
DA:32,3
DA:33,3
DA:34,0
DA:42,3
DA:43,3
DA:45,3
DA:47,3
DA:48,3
DA:49,3
DA:50,9
DA:56,3
DA:57,3
DA:58,3
DA:63,3
LF:21
LH:20
end_of_record
SF:lib/src/ui/widgets/failure.dart
DA:4,16
DA:11,1
DA:13,1
DA:14,1
DA:15,2
LF:5
LH:5
end_of_record
SF:lib/src/ui/widgets/loader.dart
DA:4,12
DA:8,2
LF:2
LH:2
end_of_record
SF:lib/src/ui/widgets/profile_photo.dart
DA:6,0
DA:9,0
DA:11,0
DA:13,0
DA:16,0
DA:19,0
LF:6
LH:0
end_of_record
SF:lib/src/ui/widgets/responsive_scaffold.dart
DA:10,3
DA:11,3
DA:14,3
DA:16,3
DA:18,6
DA:19,3
DA:21,3
DA:22,3
DA:23,3
DA:24,3
DA:26,3
DA:28,3
DA:29,3
DA:30,3
DA:31,3
DA:37,3
LF:16
LH:16
end_of_record
SF:lib/src/ui/widgets/save_button.dart
DA:5,0
DA:7,0
DA:9,0
DA:11,0
DA:12,0
DA:13,0
DA:19,0
DA:20,0
DA:22,0
DA:23,0
DA:29,0
DA:31,0
LF:12
LH:0
end_of_record
SF:lib/src/ui/widgets/social_icon.dart
DA:7,0
DA:16,0
DA:26,0
DA:28,0
DA:30,0
DA:31,0
DA:32,0
DA:33,0
DA:34,0
DA:35,0
DA:36,0
DA:37,0
LF:12
LH:0
end_of_record
SF:lib/src/ui/widgets/socials.dart
DA:8,4
DA:10,0
DA:12,0
DA:13,0
DA:14,0
DA:17,0
DA:18,0
DA:19,0
DA:21,0
DA:25,0
DA:26,0
DA:28,0
DA:32,0
DA:33,0
DA:35,0
DA:39,0
DA:40,0
DA:42,0
LF:18
LH:1
end_of_record
